<?xml version="1.0" encoding="UTF-8"?>
<testsuite xmlns:xsi="http://www.w3.org/2001/XMLSchema-instance" xsi:noNamespaceSchemaLocation="https://maven.apache.org/surefire/maven-surefire-plugin/xsd/surefire-test-report.xsd" name="com.qianhong.calculator.CalculatorServiceTest" time="0.081" tests="5" errors="0" skipped="0" failures="0">
  <properties>
    <property name="awt.toolkit" value="sun.awt.X11.XToolkit"/>
    <property name="java.specification.version" value="11"/>
    <property name="sun.cpu.isalist" value=""/>
    <property name="sun.jnu.encoding" value="UTF-8"/>
    <property name="java.class.path" value="/home/abubakar/java/java-cal/java-cal/target/test-classes:/home/abubakar/java/java-cal/java-cal/target/classes:/home/abubakar/.m2/repository/com/google/code/gson/gson/2.3.1/gson-2.3.1.jar:/home/abubakar/.m2/repository/javax/ws/rs/javax.ws.rs-api/2.0.1/javax.ws.rs-api-2.0.1.jar:/home/abubakar/.m2/repository/org/glassfish/jersey/containers/jersey-container-servlet-core/3.0.0/jersey-container-servlet-core-3.0.0.jar:/home/abubakar/.m2/repository/jakarta/inject/jakarta.inject-api/2.0.0/jakarta.inject-api-2.0.0.jar:/home/abubakar/.m2/repository/org/glassfish/jersey/core/jersey-common/3.0.0/jersey-common-3.0.0.jar:/home/abubakar/.m2/repository/com/sun/activation/jakarta.activation/2.0.0/jakarta.activation-2.0.0.jar:/home/abubakar/.m2/repository/org/glassfish/hk2/osgi-resource-locator/1.0.3/osgi-resource-locator-1.0.3.jar:/home/abubakar/.m2/repository/jakarta/ws/rs/jakarta.ws.rs-api/3.0.0/jakarta.ws.rs-api-3.0.0.jar:/home/abubakar/.m2/repository/org/glassfish/jersey/media/jersey-media-json-jackson/3.0.0/jersey-media-json-jackson-3.0.0.jar:/home/abubakar/.m2/repository/org/glassfish/jersey/ext/jersey-entity-filtering/3.0.0/jersey-entity-filtering-3.0.0.jar:/home/abubakar/.m2/repository/com/fasterxml/jackson/core/jackson-annotations/2.11.3/jackson-annotations-2.11.3.jar:/home/abubakar/.m2/repository/com/fasterxml/jackson/core/jackson-databind/2.11.3/jackson-databind-2.11.3.jar:/home/abubakar/.m2/repository/com/fasterxml/jackson/core/jackson-core/2.11.3/jackson-core-2.11.3.jar:/home/abubakar/.m2/repository/com/fasterxml/jackson/module/jackson-module-jaxb-annotations/2.11.3/jackson-module-jaxb-annotations-2.11.3.jar:/home/abubakar/.m2/repository/javax/xml/bind/jaxb-api/2.3.1/jaxb-api-2.3.1.jar:/home/abubakar/.m2/repository/javax/activation/javax.activation-api/1.2.0/javax.activation-api-1.2.0.jar:/home/abubakar/.m2/repository/org/glassfish/jersey/core/jersey-server/3.0.0/jersey-server-3.0.0.jar:/home/abubakar/.m2/repository/org/glassfish/jersey/core/jersey-client/3.0.0/jersey-client-3.0.0.jar:/home/abubakar/.m2/repository/org/glassfish/jersey/media/jersey-media-jaxb/3.0.0/jersey-media-jaxb-3.0.0.jar:/home/abubakar/.m2/repository/jakarta/annotation/jakarta.annotation-api/2.0.0/jakarta.annotation-api-2.0.0.jar:/home/abubakar/.m2/repository/jakarta/validation/jakarta.validation-api/3.0.0/jakarta.validation-api-3.0.0.jar:/home/abubakar/.m2/repository/jakarta/xml/bind/jakarta.xml.bind-api/3.0.0/jakarta.xml.bind-api-3.0.0.jar:/home/abubakar/.m2/repository/org/glassfish/jersey/inject/jersey-hk2/3.0.0/jersey-hk2-3.0.0.jar:/home/abubakar/.m2/repository/org/glassfish/hk2/hk2-locator/3.0.0-RC1/hk2-locator-3.0.0-RC1.jar:/home/abubakar/.m2/repository/org/glassfish/hk2/external/aopalliance-repackaged/3.0.0-RC1/aopalliance-repackaged-3.0.0-RC1.jar:/home/abubakar/.m2/repository/org/glassfish/hk2/hk2-api/3.0.0-RC1/hk2-api-3.0.0-RC1.jar:/home/abubakar/.m2/repository/org/glassfish/hk2/hk2-utils/3.0.0-RC1/hk2-utils-3.0.0-RC1.jar:/home/abubakar/.m2/repository/org/javassist/javassist/3.25.0-GA/javassist-3.25.0-GA.jar:/home/abubakar/.m2/repository/junit/junit/4.12/junit-4.12.jar:/home/abubakar/.m2/repository/org/hamcrest/hamcrest-core/1.3/hamcrest-core-1.3.jar:/home/abubakar/.m2/repository/org/apache/httpcomponents/httpclient/4.5.6/httpclient-4.5.6.jar:/home/abubakar/.m2/repository/org/apache/httpcomponents/httpcore/4.4.10/httpcore-4.4.10.jar:/home/abubakar/.m2/repository/commons-logging/commons-logging/1.2/commons-logging-1.2.jar:/home/abubakar/.m2/repository/commons-codec/commons-codec/1.10/commons-codec-1.10.jar:/home/abubakar/.m2/repository/org/apache/maven/plugins/maven-resources-plugin/3.1.0/maven-resources-plugin-3.1.0.jar:/home/abubakar/.m2/repository/org/apache/maven/maven-plugin-api/3.0/maven-plugin-api-3.0.jar:/home/abubakar/.m2/repository/org/sonatype/sisu/sisu-inject-plexus/1.4.2/sisu-inject-plexus-1.4.2.jar:/home/abubakar/.m2/repository/org/sonatype/sisu/sisu-inject-bean/1.4.2/sisu-inject-bean-1.4.2.jar:/home/abubakar/.m2/repository/org/sonatype/sisu/sisu-guice/2.1.7/sisu-guice-2.1.7-noaop.jar:/home/abubakar/.m2/repository/org/apache/maven/maven-core/3.0/maven-core-3.0.jar:/home/abubakar/.m2/repository/org/apache/maven/maven-settings/3.0/maven-settings-3.0.jar:/home/abubakar/.m2/repository/org/apache/maven/maven-settings-builder/3.0/maven-settings-builder-3.0.jar:/home/abubakar/.m2/repository/org/apache/maven/maven-repository-metadata/3.0/maven-repository-metadata-3.0.jar:/home/abubakar/.m2/repository/org/apache/maven/maven-model-builder/3.0/maven-model-builder-3.0.jar:/home/abubakar/.m2/repository/org/apache/maven/maven-aether-provider/3.0/maven-aether-provider-3.0.jar:/home/abubakar/.m2/repository/org/sonatype/aether/aether-impl/1.7/aether-impl-1.7.jar:/home/abubakar/.m2/repository/org/sonatype/aether/aether-spi/1.7/aether-spi-1.7.jar:/home/abubakar/.m2/repository/org/sonatype/aether/aether-api/1.7/aether-api-1.7.jar:/home/abubakar/.m2/repository/org/sonatype/aether/aether-util/1.7/aether-util-1.7.jar:/home/abubakar/.m2/repository/org/codehaus/plexus/plexus-classworlds/2.2.3/plexus-classworlds-2.2.3.jar:/home/abubakar/.m2/repository/org/codehaus/plexus/plexus-component-annotations/1.5.5/plexus-component-annotations-1.5.5.jar:/home/abubakar/.m2/repository/org/sonatype/plexus/plexus-sec-dispatcher/1.3/plexus-sec-dispatcher-1.3.jar:/home/abubakar/.m2/repository/org/sonatype/plexus/plexus-cipher/1.4/plexus-cipher-1.4.jar:/home/abubakar/.m2/repository/org/apache/maven/maven-model/3.0/maven-model-3.0.jar:/home/abubakar/.m2/repository/org/codehaus/plexus/plexus-utils/3.1.0/plexus-utils-3.1.0.jar:/home/abubakar/.m2/repository/org/apache/maven/shared/maven-filtering/3.1.1/maven-filtering-3.1.1.jar:/home/abubakar/.m2/repository/org/apache/maven/shared/maven-shared-utils/3.0.0/maven-shared-utils-3.0.0.jar:/home/abubakar/.m2/repository/com/google/code/findbugs/jsr305/2.0.1/jsr305-2.0.1.jar:/home/abubakar/.m2/repository/org/sonatype/plexus/plexus-build-api/0.0.7/plexus-build-api-0.0.7.jar:/home/abubakar/.m2/repository/commons-io/commons-io/2.5/commons-io-2.5.jar:/home/abubakar/.m2/repository/org/codehaus/plexus/plexus-interpolation/1.24/plexus-interpolation-1.24.jar:/home/abubakar/.m2/repository/org/apache/maven/plugins/maven-pmd-plugin/3.10.0/maven-pmd-plugin-3.10.0.jar:/home/abubakar/.m2/repository/org/apache/maven/maven-artifact/3.0/maven-artifact-3.0.jar:/home/abubakar/.m2/repository/net/sourceforge/pmd/pmd-core/6.4.0/pmd-core-6.4.0.jar:/home/abubakar/.m2/repository/com/beust/jcommander/1.48/jcommander-1.48.jar:/home/abubakar/.m2/repository/jaxen/jaxen/1.1.6/jaxen-1.1.6.jar:/home/abubakar/.m2/repository/net/java/dev/javacc/javacc/5.0/javacc-5.0.jar:/home/abubakar/.m2/repository/net/sourceforge/saxon/saxon/9.1.0.8/saxon-9.1.0.8.jar:/home/abubakar/.m2/repository/org/apache/commons/commons-lang3/3.7/commons-lang3-3.7.jar:/home/abubakar/.m2/repository/org/ow2/asm/asm/6.1.1/asm-6.1.1.jar:/home/abubakar/.m2/repository/net/sourceforge/saxon/saxon/9.1.0.8/saxon-9.1.0.8-dom.jar:/home/abubakar/.m2/repository/net/sourceforge/pmd/pmd-java/6.4.0/pmd-java-6.4.0.jar:/home/abubakar/.m2/repository/net/sourceforge/pmd/pmd-javascript/6.4.0/pmd-javascript-6.4.0.jar:/home/abubakar/.m2/repository/org/mozilla/rhino/1.7.7.2/rhino-1.7.7.2.jar:/home/abubakar/.m2/repository/net/sourceforge/pmd/pmd-jsp/6.4.0/pmd-jsp-6.4.0.jar:/home/abubakar/.m2/repository/org/slf4j/jul-to-slf4j/1.7.25/jul-to-slf4j-1.7.25.jar:/home/abubakar/.m2/repository/org/slf4j/slf4j-api/1.7.25/slf4j-api-1.7.25.jar:/home/abubakar/.m2/repository/org/apache/maven/doxia/doxia-sink-api/1.7/doxia-sink-api-1.7.jar:/home/abubakar/.m2/repository/org/apache/maven/doxia/doxia-logging-api/1.7/doxia-logging-api-1.7.jar:/home/abubakar/.m2/repository/org/apache/maven/doxia/doxia-decoration-model/1.7/doxia-decoration-model-1.7.jar:/home/abubakar/.m2/repository/org/apache/maven/doxia/doxia-site-renderer/1.7/doxia-site-renderer-1.7.jar:/home/abubakar/.m2/repository/org/apache/maven/doxia/doxia-core/1.7/doxia-core-1.7.jar:/home/abubakar/.m2/repository/commons-lang/commons-lang/2.4/commons-lang-2.4.jar:/home/abubakar/.m2/repository/xmlunit/xmlunit/1.5/xmlunit-1.5.jar:/home/abubakar/.m2/repository/org/apache/maven/doxia/doxia-skin-model/1.7/doxia-skin-model-1.7.jar:/home/abubakar/.m2/repository/org/apache/maven/doxia/doxia-module-xhtml/1.7/doxia-module-xhtml-1.7.jar:/home/abubakar/.m2/repository/org/apache/maven/doxia/doxia-module-fml/1.7/doxia-module-fml-1.7.jar:/home/abubakar/.m2/repository/org/codehaus/plexus/plexus-i18n/1.0-beta-7/plexus-i18n-1.0-beta-7.jar:/home/abubakar/.m2/repository/org/codehaus/plexus/plexus-container-default/1.0-alpha-30/plexus-container-default-1.0-alpha-30.jar:/home/abubakar/.m2/repository/org/codehaus/plexus/plexus-velocity/1.1.7/plexus-velocity-1.1.7.jar:/home/abubakar/.m2/repository/org/apache/velocity/velocity/1.7/velocity-1.7.jar:/home/abubakar/.m2/repository/org/apache/velocity/velocity-tools/2.0/velocity-tools-2.0.jar:/home/abubakar/.m2/repository/commons-beanutils/commons-beanutils/1.7.0/commons-beanutils-1.7.0.jar:/home/abubakar/.m2/repository/commons-digester/commons-digester/1.8/commons-digester-1.8.jar:/home/abubakar/.m2/repository/commons-chain/commons-chain/1.1/commons-chain-1.1.jar:/home/abubakar/.m2/repository/commons-validator/commons-validator/1.3.1/commons-validator-1.3.1.jar:/home/abubakar/.m2/repository/dom4j/dom4j/1.1/dom4j-1.1.jar:/home/abubakar/.m2/repository/oro/oro/2.0.8/oro-2.0.8.jar:/home/abubakar/.m2/repository/sslext/sslext/1.2-0/sslext-1.2-0.jar:/home/abubakar/.m2/repository/org/apache/struts/struts-core/1.3.8/struts-core-1.3.8.jar:/home/abubakar/.m2/repository/antlr/antlr/2.7.2/antlr-2.7.2.jar:/home/abubakar/.m2/repository/org/apache/struts/struts-taglib/1.3.8/struts-taglib-1.3.8.jar:/home/abubakar/.m2/repository/org/apache/struts/struts-tiles/1.3.8/struts-tiles-1.3.8.jar:/home/abubakar/.m2/repository/commons-collections/commons-collections/3.2.1/commons-collections-3.2.1.jar:/home/abubakar/.m2/repository/org/apache/maven/reporting/maven-reporting-api/3.0/maven-reporting-api-3.0.jar:/home/abubakar/.m2/repository/org/apache/maven/reporting/maven-reporting-impl/3.0.0/maven-reporting-impl-3.0.0.jar:/home/abubakar/.m2/repository/org/codehaus/plexus/plexus-resources/1.0.1/plexus-resources-1.0.1.jar:"/>
    <property name="java.vm.vendor" value="Ubuntu"/>
    <property name="sun.arch.data.model" value="64"/>
    <property name="java.vendor.url" value="https://ubuntu.com/"/>
    <property name="user.timezone" value=""/>
    <property name="java.vm.specification.version" value="11"/>
    <property name="os.name" value="Linux"/>
    <property name="sun.java.launcher" value="SUN_STANDARD"/>
    <property name="sun.boot.library.path" value="/usr/lib/jvm/java-11-openjdk-amd64/lib"/>
    <property name="sun.java.command" value="/home/abubakar/java/java-cal/java-cal/target/surefire/surefirebooter15710740471907569400.jar /home/abubakar/java/java-cal/java-cal/target/surefire 2024-02-22T10-52-53_018-jvmRun1 surefire10958039259645824946tmp surefire_013520000768925709604tmp"/>
    <property name="jdk.debug" value="release"/>
    <property name="surefire.test.class.path" value="/home/abubakar/java/java-cal/java-cal/target/test-classes:/home/abubakar/java/java-cal/java-cal/target/classes:/home/abubakar/.m2/repository/com/google/code/gson/gson/2.3.1/gson-2.3.1.jar:/home/abubakar/.m2/repository/javax/ws/rs/javax.ws.rs-api/2.0.1/javax.ws.rs-api-2.0.1.jar:/home/abubakar/.m2/repository/org/glassfish/jersey/containers/jersey-container-servlet-core/3.0.0/jersey-container-servlet-core-3.0.0.jar:/home/abubakar/.m2/repository/jakarta/inject/jakarta.inject-api/2.0.0/jakarta.inject-api-2.0.0.jar:/home/abubakar/.m2/repository/org/glassfish/jersey/core/jersey-common/3.0.0/jersey-common-3.0.0.jar:/home/abubakar/.m2/repository/com/sun/activation/jakarta.activation/2.0.0/jakarta.activation-2.0.0.jar:/home/abubakar/.m2/repository/org/glassfish/hk2/osgi-resource-locator/1.0.3/osgi-resource-locator-1.0.3.jar:/home/abubakar/.m2/repository/jakarta/ws/rs/jakarta.ws.rs-api/3.0.0/jakarta.ws.rs-api-3.0.0.jar:/home/abubakar/.m2/repository/org/glassfish/jersey/media/jersey-media-json-jackson/3.0.0/jersey-media-json-jackson-3.0.0.jar:/home/abubakar/.m2/repository/org/glassfish/jersey/ext/jersey-entity-filtering/3.0.0/jersey-entity-filtering-3.0.0.jar:/home/abubakar/.m2/repository/com/fasterxml/jackson/core/jackson-annotations/2.11.3/jackson-annotations-2.11.3.jar:/home/abubakar/.m2/repository/com/fasterxml/jackson/core/jackson-databind/2.11.3/jackson-databind-2.11.3.jar:/home/abubakar/.m2/repository/com/fasterxml/jackson/core/jackson-core/2.11.3/jackson-core-2.11.3.jar:/home/abubakar/.m2/repository/com/fasterxml/jackson/module/jackson-module-jaxb-annotations/2.11.3/jackson-module-jaxb-annotations-2.11.3.jar:/home/abubakar/.m2/repository/javax/xml/bind/jaxb-api/2.3.1/jaxb-api-2.3.1.jar:/home/abubakar/.m2/repository/javax/activation/javax.activation-api/1.2.0/javax.activation-api-1.2.0.jar:/home/abubakar/.m2/repository/org/glassfish/jersey/core/jersey-server/3.0.0/jersey-server-3.0.0.jar:/home/abubakar/.m2/repository/org/glassfish/jersey/core/jersey-client/3.0.0/jersey-client-3.0.0.jar:/home/abubakar/.m2/repository/org/glassfish/jersey/media/jersey-media-jaxb/3.0.0/jersey-media-jaxb-3.0.0.jar:/home/abubakar/.m2/repository/jakarta/annotation/jakarta.annotation-api/2.0.0/jakarta.annotation-api-2.0.0.jar:/home/abubakar/.m2/repository/jakarta/validation/jakarta.validation-api/3.0.0/jakarta.validation-api-3.0.0.jar:/home/abubakar/.m2/repository/jakarta/xml/bind/jakarta.xml.bind-api/3.0.0/jakarta.xml.bind-api-3.0.0.jar:/home/abubakar/.m2/repository/org/glassfish/jersey/inject/jersey-hk2/3.0.0/jersey-hk2-3.0.0.jar:/home/abubakar/.m2/repository/org/glassfish/hk2/hk2-locator/3.0.0-RC1/hk2-locator-3.0.0-RC1.jar:/home/abubakar/.m2/repository/org/glassfish/hk2/external/aopalliance-repackaged/3.0.0-RC1/aopalliance-repackaged-3.0.0-RC1.jar:/home/abubakar/.m2/repository/org/glassfish/hk2/hk2-api/3.0.0-RC1/hk2-api-3.0.0-RC1.jar:/home/abubakar/.m2/repository/org/glassfish/hk2/hk2-utils/3.0.0-RC1/hk2-utils-3.0.0-RC1.jar:/home/abubakar/.m2/repository/org/javassist/javassist/3.25.0-GA/javassist-3.25.0-GA.jar:/home/abubakar/.m2/repository/junit/junit/4.12/junit-4.12.jar:/home/abubakar/.m2/repository/org/hamcrest/hamcrest-core/1.3/hamcrest-core-1.3.jar:/home/abubakar/.m2/repository/org/apache/httpcomponents/httpclient/4.5.6/httpclient-4.5.6.jar:/home/abubakar/.m2/repository/org/apache/httpcomponents/httpcore/4.4.10/httpcore-4.4.10.jar:/home/abubakar/.m2/repository/commons-logging/commons-logging/1.2/commons-logging-1.2.jar:/home/abubakar/.m2/repository/commons-codec/commons-codec/1.10/commons-codec-1.10.jar:/home/abubakar/.m2/repository/org/apache/maven/plugins/maven-resources-plugin/3.1.0/maven-resources-plugin-3.1.0.jar:/home/abubakar/.m2/repository/org/apache/maven/maven-plugin-api/3.0/maven-plugin-api-3.0.jar:/home/abubakar/.m2/repository/org/sonatype/sisu/sisu-inject-plexus/1.4.2/sisu-inject-plexus-1.4.2.jar:/home/abubakar/.m2/repository/org/sonatype/sisu/sisu-inject-bean/1.4.2/sisu-inject-bean-1.4.2.jar:/home/abubakar/.m2/repository/org/sonatype/sisu/sisu-guice/2.1.7/sisu-guice-2.1.7-noaop.jar:/home/abubakar/.m2/repository/org/apache/maven/maven-core/3.0/maven-core-3.0.jar:/home/abubakar/.m2/repository/org/apache/maven/maven-settings/3.0/maven-settings-3.0.jar:/home/abubakar/.m2/repository/org/apache/maven/maven-settings-builder/3.0/maven-settings-builder-3.0.jar:/home/abubakar/.m2/repository/org/apache/maven/maven-repository-metadata/3.0/maven-repository-metadata-3.0.jar:/home/abubakar/.m2/repository/org/apache/maven/maven-model-builder/3.0/maven-model-builder-3.0.jar:/home/abubakar/.m2/repository/org/apache/maven/maven-aether-provider/3.0/maven-aether-provider-3.0.jar:/home/abubakar/.m2/repository/org/sonatype/aether/aether-impl/1.7/aether-impl-1.7.jar:/home/abubakar/.m2/repository/org/sonatype/aether/aether-spi/1.7/aether-spi-1.7.jar:/home/abubakar/.m2/repository/org/sonatype/aether/aether-api/1.7/aether-api-1.7.jar:/home/abubakar/.m2/repository/org/sonatype/aether/aether-util/1.7/aether-util-1.7.jar:/home/abubakar/.m2/repository/org/codehaus/plexus/plexus-classworlds/2.2.3/plexus-classworlds-2.2.3.jar:/home/abubakar/.m2/repository/org/codehaus/plexus/plexus-component-annotations/1.5.5/plexus-component-annotations-1.5.5.jar:/home/abubakar/.m2/repository/org/sonatype/plexus/plexus-sec-dispatcher/1.3/plexus-sec-dispatcher-1.3.jar:/home/abubakar/.m2/repository/org/sonatype/plexus/plexus-cipher/1.4/plexus-cipher-1.4.jar:/home/abubakar/.m2/repository/org/apache/maven/maven-model/3.0/maven-model-3.0.jar:/home/abubakar/.m2/repository/org/codehaus/plexus/plexus-utils/3.1.0/plexus-utils-3.1.0.jar:/home/abubakar/.m2/repository/org/apache/maven/shared/maven-filtering/3.1.1/maven-filtering-3.1.1.jar:/home/abubakar/.m2/repository/org/apache/maven/shared/maven-shared-utils/3.0.0/maven-shared-utils-3.0.0.jar:/home/abubakar/.m2/repository/com/google/code/findbugs/jsr305/2.0.1/jsr305-2.0.1.jar:/home/abubakar/.m2/repository/org/sonatype/plexus/plexus-build-api/0.0.7/plexus-build-api-0.0.7.jar:/home/abubakar/.m2/repository/commons-io/commons-io/2.5/commons-io-2.5.jar:/home/abubakar/.m2/repository/org/codehaus/plexus/plexus-interpolation/1.24/plexus-interpolation-1.24.jar:/home/abubakar/.m2/repository/org/apache/maven/plugins/maven-pmd-plugin/3.10.0/maven-pmd-plugin-3.10.0.jar:/home/abubakar/.m2/repository/org/apache/maven/maven-artifact/3.0/maven-artifact-3.0.jar:/home/abubakar/.m2/repository/net/sourceforge/pmd/pmd-core/6.4.0/pmd-core-6.4.0.jar:/home/abubakar/.m2/repository/com/beust/jcommander/1.48/jcommander-1.48.jar:/home/abubakar/.m2/repository/jaxen/jaxen/1.1.6/jaxen-1.1.6.jar:/home/abubakar/.m2/repository/net/java/dev/javacc/javacc/5.0/javacc-5.0.jar:/home/abubakar/.m2/repository/net/sourceforge/saxon/saxon/9.1.0.8/saxon-9.1.0.8.jar:/home/abubakar/.m2/repository/org/apache/commons/commons-lang3/3.7/commons-lang3-3.7.jar:/home/abubakar/.m2/repository/org/ow2/asm/asm/6.1.1/asm-6.1.1.jar:/home/abubakar/.m2/repository/net/sourceforge/saxon/saxon/9.1.0.8/saxon-9.1.0.8-dom.jar:/home/abubakar/.m2/repository/net/sourceforge/pmd/pmd-java/6.4.0/pmd-java-6.4.0.jar:/home/abubakar/.m2/repository/net/sourceforge/pmd/pmd-javascript/6.4.0/pmd-javascript-6.4.0.jar:/home/abubakar/.m2/repository/org/mozilla/rhino/1.7.7.2/rhino-1.7.7.2.jar:/home/abubakar/.m2/repository/net/sourceforge/pmd/pmd-jsp/6.4.0/pmd-jsp-6.4.0.jar:/home/abubakar/.m2/repository/org/slf4j/jul-to-slf4j/1.7.25/jul-to-slf4j-1.7.25.jar:/home/abubakar/.m2/repository/org/slf4j/slf4j-api/1.7.25/slf4j-api-1.7.25.jar:/home/abubakar/.m2/repository/org/apache/maven/doxia/doxia-sink-api/1.7/doxia-sink-api-1.7.jar:/home/abubakar/.m2/repository/org/apache/maven/doxia/doxia-logging-api/1.7/doxia-logging-api-1.7.jar:/home/abubakar/.m2/repository/org/apache/maven/doxia/doxia-decoration-model/1.7/doxia-decoration-model-1.7.jar:/home/abubakar/.m2/repository/org/apache/maven/doxia/doxia-site-renderer/1.7/doxia-site-renderer-1.7.jar:/home/abubakar/.m2/repository/org/apache/maven/doxia/doxia-core/1.7/doxia-core-1.7.jar:/home/abubakar/.m2/repository/commons-lang/commons-lang/2.4/commons-lang-2.4.jar:/home/abubakar/.m2/repository/xmlunit/xmlunit/1.5/xmlunit-1.5.jar:/home/abubakar/.m2/repository/org/apache/maven/doxia/doxia-skin-model/1.7/doxia-skin-model-1.7.jar:/home/abubakar/.m2/repository/org/apache/maven/doxia/doxia-module-xhtml/1.7/doxia-module-xhtml-1.7.jar:/home/abubakar/.m2/repository/org/apache/maven/doxia/doxia-module-fml/1.7/doxia-module-fml-1.7.jar:/home/abubakar/.m2/repository/org/codehaus/plexus/plexus-i18n/1.0-beta-7/plexus-i18n-1.0-beta-7.jar:/home/abubakar/.m2/repository/org/codehaus/plexus/plexus-container-default/1.0-alpha-30/plexus-container-default-1.0-alpha-30.jar:/home/abubakar/.m2/repository/org/codehaus/plexus/plexus-velocity/1.1.7/plexus-velocity-1.1.7.jar:/home/abubakar/.m2/repository/org/apache/velocity/velocity/1.7/velocity-1.7.jar:/home/abubakar/.m2/repository/org/apache/velocity/velocity-tools/2.0/velocity-tools-2.0.jar:/home/abubakar/.m2/repository/commons-beanutils/commons-beanutils/1.7.0/commons-beanutils-1.7.0.jar:/home/abubakar/.m2/repository/commons-digester/commons-digester/1.8/commons-digester-1.8.jar:/home/abubakar/.m2/repository/commons-chain/commons-chain/1.1/commons-chain-1.1.jar:/home/abubakar/.m2/repository/commons-validator/commons-validator/1.3.1/commons-validator-1.3.1.jar:/home/abubakar/.m2/repository/dom4j/dom4j/1.1/dom4j-1.1.jar:/home/abubakar/.m2/repository/oro/oro/2.0.8/oro-2.0.8.jar:/home/abubakar/.m2/repository/sslext/sslext/1.2-0/sslext-1.2-0.jar:/home/abubakar/.m2/repository/org/apache/struts/struts-core/1.3.8/struts-core-1.3.8.jar:/home/abubakar/.m2/repository/antlr/antlr/2.7.2/antlr-2.7.2.jar:/home/abubakar/.m2/repository/org/apache/struts/struts-taglib/1.3.8/struts-taglib-1.3.8.jar:/home/abubakar/.m2/repository/org/apache/struts/struts-tiles/1.3.8/struts-tiles-1.3.8.jar:/home/abubakar/.m2/repository/commons-collections/commons-collections/3.2.1/commons-collections-3.2.1.jar:/home/abubakar/.m2/repository/org/apache/maven/reporting/maven-reporting-api/3.0/maven-reporting-api-3.0.jar:/home/abubakar/.m2/repository/org/apache/maven/reporting/maven-reporting-impl/3.0.0/maven-reporting-impl-3.0.0.jar:/home/abubakar/.m2/repository/org/codehaus/plexus/plexus-resources/1.0.1/plexus-resources-1.0.1.jar:"/>
    <property name="sun.cpu.endian" value="little"/>
    <property name="user.home" value="/home/abubakar"/>
    <property name="user.language" value="en"/>
    <property name="java.specification.vendor" value="Oracle Corporation"/>
    <property name="java.version.date" value="2023-10-17"/>
    <property name="java.home" value="/usr/lib/jvm/java-11-openjdk-amd64"/>
    <property name="file.separator" value="/"/>
    <property name="basedir" value="/home/abubakar/java/java-cal/java-cal"/>
    <property name="java.vm.compressedOopsMode" value="Zero based"/>
    <property name="line.separator" value="&#10;"/>
    <property name="java.specification.name" value="Java Platform API Specification"/>
    <property name="java.vm.specification.vendor" value="Oracle Corporation"/>
    <property name="java.awt.graphicsenv" value="sun.awt.X11GraphicsEnvironment"/>
    <property name="surefire.real.class.path" value="/home/abubakar/java/java-cal/java-cal/target/surefire/surefirebooter15710740471907569400.jar"/>
    <property name="sun.management.compiler" value="HotSpot 64-Bit Tiered Compilers"/>
    <property name="java.runtime.version" value="11.0.21+9-post-Ubuntu-0ubuntu120.04"/>
    <property name="user.name" value="abubakar"/>
    <property name="path.separator" value=":"/>
    <property name="os.version" value="5.15.0-1056-azure"/>
    <property name="java.runtime.name" value="OpenJDK Runtime Environment"/>
    <property name="file.encoding" value="UTF-8"/>
    <property name="java.vm.name" value="OpenJDK 64-Bit Server VM"/>
    <property name="localRepository" value="/home/abubakar/.m2/repository"/>
    <property name="java.vendor.url.bug" value="https://bugs.launchpad.net/ubuntu/+source/openjdk-lts"/>
    <property name="java.io.tmpdir" value="/tmp"/>
    <property name="java.version" value="11.0.21"/>
    <property name="user.dir" value="/home/abubakar/java/java-cal/java-cal"/>
    <property name="os.arch" value="amd64"/>
    <property name="java.vm.specification.name" value="Java Virtual Machine Specification"/>
    <property name="java.awt.printerjob" value="sun.print.PSPrinterJob"/>
    <property name="sun.os.patch.level" value="unknown"/>
    <property name="java.library.path" value="/usr/java/packages/lib:/usr/lib/x86_64-linux-gnu/jni:/lib/x86_64-linux-gnu:/usr/lib/x86_64-linux-gnu:/usr/lib/jni:/lib:/usr/lib"/>
    <property name="java.vm.info" value="mixed mode, sharing"/>
    <property name="java.vendor" value="Ubuntu"/>
    <property name="java.vm.version" value="11.0.21+9-post-Ubuntu-0ubuntu120.04"/>
    <property name="java.specification.maintenance.version" value="2"/>
    <property name="sun.io.unicode.encoding" value="UnicodeLittle"/>
    <property name="java.class.version" value="55.0"/>
  </properties>
  <testcase name="testAdd" classname="com.qianhong.calculator.CalculatorServiceTest" time="0.025"/>
  <testcase name="testDiv" classname="com.qianhong.calculator.CalculatorServiceTest" time="0"/>
  <testcase name="testMul" classname="com.qianhong.calculator.CalculatorServiceTest" time="0.001"/>
  <testcase name="testSub" classname="com.qianhong.calculator.CalculatorServiceTest" time="0"/>
  <testcase name="testPing" classname="com.qianhong.calculator.CalculatorServiceTest" time="0.004"/>
</testsuite>